<?xml version="1.0" encoding="UTF-8"?>
<testsuite name="edu.sm.CSVApplicationTests" tests="1" skipped="0" failures="0" errors="0" timestamp="2025-09-16T01:22:39.300Z" hostname="HYEONGGYEONGKIM" time="0.781">
  <properties/>
  <testcase name="contextLoads()" classname="edu.sm.CSVApplicationTests" time="0.781"/>
  <system-out><![CDATA[Standard Commons Logging discovery in action with spring-jcl: please remove commons-logging.jar from classpath in order to avoid potential conflicts
10:22:35,612 |-INFO in ch.qos.logback.classic.LoggerContext[default] - This is logback-classic version 1.5.18
10:22:35,612 |-INFO in ch.qos.logback.classic.util.ContextInitializer@45be7cd5 - Here is a list of configurators discovered as a service, by rank: 
10:22:35,612 |-INFO in ch.qos.logback.classic.util.ContextInitializer@45be7cd5 -   org.springframework.boot.logging.logback.RootLogLevelConfigurator
10:22:35,612 |-INFO in ch.qos.logback.classic.util.ContextInitializer@45be7cd5 - They will be invoked in order until ExecutionStatus.DO_NOT_INVOKE_NEXT_IF_ANY is returned.
10:22:35,612 |-INFO in ch.qos.logback.classic.util.ContextInitializer@45be7cd5 - Constructed configurator of type class org.springframework.boot.logging.logback.RootLogLevelConfigurator
10:22:35,614 |-INFO in ch.qos.logback.classic.util.ContextInitializer@45be7cd5 - org.springframework.boot.logging.logback.RootLogLevelConfigurator.configure() call lasted 2 milliseconds. ExecutionStatus=INVOKE_NEXT_IF_ANY
10:22:35,614 |-INFO in ch.qos.logback.classic.util.ContextInitializer@45be7cd5 - Trying to configure with ch.qos.logback.classic.joran.SerializedModelConfigurator
10:22:35,614 |-INFO in ch.qos.logback.classic.util.ContextInitializer@45be7cd5 - Constructed configurator of type class ch.qos.logback.classic.joran.SerializedModelConfigurator
10:22:35,614 |-INFO in ch.qos.logback.classic.LoggerContext[default] - Could NOT find resource [logback-test.scmo]
10:22:35,614 |-INFO in ch.qos.logback.classic.LoggerContext[default] - Could NOT find resource [logback.scmo]
10:22:35,614 |-INFO in ch.qos.logback.classic.util.ContextInitializer@45be7cd5 - ch.qos.logback.classic.joran.SerializedModelConfigurator.configure() call lasted 0 milliseconds. ExecutionStatus=INVOKE_NEXT_IF_ANY
10:22:35,614 |-INFO in ch.qos.logback.classic.util.ContextInitializer@45be7cd5 - Trying to configure with ch.qos.logback.classic.util.DefaultJoranConfigurator
10:22:35,614 |-INFO in ch.qos.logback.classic.util.ContextInitializer@45be7cd5 - Constructed configurator of type class ch.qos.logback.classic.util.DefaultJoranConfigurator
10:22:35,614 |-INFO in ch.qos.logback.classic.LoggerContext[default] - Could NOT find resource [logback-test.xml]
10:22:35,614 |-INFO in ch.qos.logback.classic.LoggerContext[default] - Found resource [logback.xml] at [file:/C:/smspring/shop/build/resources/main/logback.xml]
10:22:35,709 |-INFO in ch.qos.logback.core.model.processor.ModelInterpretationContext@7651218e - value "C:/smspring/logs/" substituted for "${logdir}"
10:22:35,711 |-INFO in ch.qos.logback.core.model.processor.AppenderModelHandler - Processing appender named [STDOUT]
10:22:35,711 |-INFO in ch.qos.logback.core.model.processor.AppenderModelHandler - About to instantiate appender of type [ch.qos.logback.core.ConsoleAppender]
10:22:35,770 |-WARN in ch.qos.logback.core.ConsoleAppender[STDOUT] - This appender no longer admits a layout as a sub-component, set an encoder instead.
10:22:35,770 |-WARN in ch.qos.logback.core.ConsoleAppender[STDOUT] - To ensure compatibility, wrapping your layout in LayoutWrappingEncoder.
10:22:35,770 |-WARN in ch.qos.logback.core.ConsoleAppender[STDOUT] - See also https://logback.qos.ch/codes.html#layoutInsteadOfEncoder for details
10:22:35,770 |-INFO in ch.qos.logback.core.ConsoleAppender[STDOUT] - BEWARE: Writing to the console can be very slow. Avoid logging to the 
10:22:35,770 |-INFO in ch.qos.logback.core.ConsoleAppender[STDOUT] - console in production environments, especially in high volume systems.
10:22:35,770 |-INFO in ch.qos.logback.core.ConsoleAppender[STDOUT] - See also https://logback.qos.ch/codes.html#slowConsole
10:22:35,770 |-INFO in ch.qos.logback.core.model.processor.AppenderModelHandler - Processing appender named [FILE]
10:22:35,770 |-INFO in ch.qos.logback.core.model.processor.AppenderModelHandler - About to instantiate appender of type [ch.qos.logback.core.rolling.RollingFileAppender]
10:22:35,770 |-INFO in ch.qos.logback.core.model.processor.ModelInterpretationContext@7651218e - value "C:/smspring/logs//logback.log" substituted for "${LOGS_DIR}/logback.log"
10:22:35,770 |-INFO in ch.qos.logback.core.model.processor.ImplicitModelHandler - Assuming default type [ch.qos.logback.classic.encoder.PatternLayoutEncoder] for [encoder] property
10:22:35,778 |-INFO in ch.qos.logback.core.model.processor.ModelInterpretationContext@7651218e - value "C:/smspring/logs//logback.%d{yyyy-MM-dd}.%i.log.gz" substituted for "${LOGS_DIR}/logback.%d{yyyy-MM-dd}.%i.log.gz"
10:22:35,778 |-INFO in c.q.l.core.rolling.TimeBasedRollingPolicy@830863979 - Will use gz compression
10:22:35,786 |-INFO in c.q.l.core.rolling.TimeBasedRollingPolicy@830863979 - Will use the pattern C:/smspring/logs//logback.%d{yyyy-MM-dd}.%i.log for the active file
10:22:35,786 |-WARN in ch.qos.logback.core.rolling.SizeAndTimeBasedFNATP@6d366c9b - SizeAndTimeBasedFNATP class was renamed as SizeAndTimeBasedFileNamingAndTriggeringPolicy.
10:22:35,786 |-INFO in ch.qos.logback.core.rolling.SizeAndTimeBasedFNATP@6d366c9b - The date pattern is 'yyyy-MM-dd' from file name pattern 'C:/smspring/logs//logback.%d{yyyy-MM-dd}.%i.log.gz'.
10:22:35,786 |-INFO in ch.qos.logback.core.rolling.SizeAndTimeBasedFNATP@6d366c9b - Roll-over at midnight.
10:22:35,786 |-INFO in ch.qos.logback.core.rolling.SizeAndTimeBasedFNATP@6d366c9b - Setting initial period to 2025-09-16T01:12:46.066Z
10:22:35,786 |-WARN in ch.qos.logback.core.rolling.SizeAndTimeBasedFNATP@6d366c9b - Direct use of either SizeAndTimeBasedFNATP or SizeAndTimeBasedFileNamingAndTriggeringPolicy 
10:22:35,786 |-WARN in ch.qos.logback.core.rolling.SizeAndTimeBasedFNATP@6d366c9b - is deprecated. Please use SizeAndTimeBasedRollingPolicy instead.
10:22:35,786 |-WARN in ch.qos.logback.core.rolling.SizeAndTimeBasedFNATP@6d366c9b - For more information see https://logback.qos.ch/manual/appenders.html#SizeAndTimeBasedRollingPolicy
10:22:35,801 |-INFO in ch.qos.logback.core.rolling.RollingFileAppender[FILE] - Active log file name: C:/smspring/logs//logback.log
10:22:35,801 |-INFO in ch.qos.logback.core.rolling.RollingFileAppender[FILE] - Setting currentFileLength to 56235 for C:\smspring\logs\logback.log
10:22:35,801 |-INFO in ch.qos.logback.core.rolling.RollingFileAppender[FILE] - File property is set to [C:/smspring/logs//logback.log]
10:22:35,801 |-INFO in ch.qos.logback.core.model.processor.AppenderModelHandler - Processing appender named [FILE2]
10:22:35,801 |-INFO in ch.qos.logback.core.model.processor.AppenderModelHandler - About to instantiate appender of type [ch.qos.logback.core.rolling.RollingFileAppender]
10:22:35,801 |-INFO in ch.qos.logback.core.model.processor.ModelInterpretationContext@7651218e - value "C:/smspring/logs//custinfo.log" substituted for "${LOGS_DIR}/custinfo.log"
10:22:35,801 |-INFO in ch.qos.logback.core.model.processor.ImplicitModelHandler - Assuming default type [ch.qos.logback.classic.encoder.PatternLayoutEncoder] for [encoder] property
10:22:35,801 |-INFO in ch.qos.logback.core.model.processor.ModelInterpretationContext@7651218e - value "C:/smspring/logs//custinfo.%d{yyyy-MM-dd}.%i.log.gz" substituted for "${LOGS_DIR}/custinfo.%d{yyyy-MM-dd}.%i.log.gz"
10:22:35,801 |-INFO in c.q.l.core.rolling.TimeBasedRollingPolicy@1532554556 - Will use gz compression
10:22:35,801 |-INFO in c.q.l.core.rolling.TimeBasedRollingPolicy@1532554556 - Will use the pattern C:/smspring/logs//custinfo.%d{yyyy-MM-dd}.%i.log for the active file
10:22:35,801 |-WARN in ch.qos.logback.core.rolling.SizeAndTimeBasedFNATP@24faea88 - SizeAndTimeBasedFNATP class was renamed as SizeAndTimeBasedFileNamingAndTriggeringPolicy.
10:22:35,801 |-INFO in ch.qos.logback.core.rolling.SizeAndTimeBasedFNATP@24faea88 - The date pattern is 'yyyy-MM-dd' from file name pattern 'C:/smspring/logs//custinfo.%d{yyyy-MM-dd}.%i.log.gz'.
10:22:35,801 |-INFO in ch.qos.logback.core.rolling.SizeAndTimeBasedFNATP@24faea88 - Roll-over at midnight.
10:22:35,801 |-INFO in ch.qos.logback.core.rolling.SizeAndTimeBasedFNATP@24faea88 - Setting initial period to 2025-09-16T01:06:51.552Z
10:22:35,801 |-WARN in ch.qos.logback.core.rolling.SizeAndTimeBasedFNATP@24faea88 - Direct use of either SizeAndTimeBasedFNATP or SizeAndTimeBasedFileNamingAndTriggeringPolicy 
10:22:35,801 |-WARN in ch.qos.logback.core.rolling.SizeAndTimeBasedFNATP@24faea88 - is deprecated. Please use SizeAndTimeBasedRollingPolicy instead.
10:22:35,801 |-WARN in ch.qos.logback.core.rolling.SizeAndTimeBasedFNATP@24faea88 - For more information see https://logback.qos.ch/manual/appenders.html#SizeAndTimeBasedRollingPolicy
10:22:35,810 |-INFO in ch.qos.logback.core.rolling.RollingFileAppender[FILE2] - Active log file name: C:/smspring/logs//custinfo.log
10:22:35,810 |-INFO in ch.qos.logback.core.rolling.RollingFileAppender[FILE2] - Setting currentFileLength to 29 for C:\smspring\logs\custinfo.log
10:22:35,810 |-INFO in ch.qos.logback.core.rolling.RollingFileAppender[FILE2] - File property is set to [C:/smspring/logs//custinfo.log]
10:22:35,810 |-INFO in ch.qos.logback.core.model.processor.AppenderModelHandler - Processing appender named [LOGIN]
10:22:35,810 |-INFO in ch.qos.logback.core.model.processor.AppenderModelHandler - About to instantiate appender of type [ch.qos.logback.core.rolling.RollingFileAppender]
10:22:35,810 |-INFO in ch.qos.logback.core.model.processor.ModelInterpretationContext@7651218e - value "C:/smspring/logs//login.log" substituted for "${LOGS_DIR}/login.log"
10:22:35,810 |-INFO in ch.qos.logback.core.model.processor.ImplicitModelHandler - Assuming default type [ch.qos.logback.classic.encoder.PatternLayoutEncoder] for [encoder] property
10:22:35,810 |-INFO in ch.qos.logback.core.model.processor.ModelInterpretationContext@7651218e - value "C:/smspring/logs//login.%d{yyyy-MM-dd}.%i.log.gz" substituted for "${LOGS_DIR}/login.%d{yyyy-MM-dd}.%i.log.gz"
10:22:35,810 |-INFO in c.q.l.core.rolling.TimeBasedRollingPolicy@976358110 - Will use gz compression
10:22:35,810 |-INFO in c.q.l.core.rolling.TimeBasedRollingPolicy@976358110 - Will use the pattern C:/smspring/logs//login.%d{yyyy-MM-dd}.%i.log for the active file
10:22:35,810 |-WARN in ch.qos.logback.core.rolling.SizeAndTimeBasedFNATP@64beebb7 - SizeAndTimeBasedFNATP class was renamed as SizeAndTimeBasedFileNamingAndTriggeringPolicy.
10:22:35,810 |-INFO in ch.qos.logback.core.rolling.SizeAndTimeBasedFNATP@64beebb7 - The date pattern is 'yyyy-MM-dd' from file name pattern 'C:/smspring/logs//login.%d{yyyy-MM-dd}.%i.log.gz'.
10:22:35,810 |-INFO in ch.qos.logback.core.rolling.SizeAndTimeBasedFNATP@64beebb7 - Roll-over at midnight.
10:22:35,810 |-INFO in ch.qos.logback.core.rolling.SizeAndTimeBasedFNATP@64beebb7 - Setting initial period to 2025-09-10T05:47:18.905Z
10:22:35,810 |-WARN in ch.qos.logback.core.rolling.SizeAndTimeBasedFNATP@64beebb7 - Direct use of either SizeAndTimeBasedFNATP or SizeAndTimeBasedFileNamingAndTriggeringPolicy 
10:22:35,810 |-WARN in ch.qos.logback.core.rolling.SizeAndTimeBasedFNATP@64beebb7 - is deprecated. Please use SizeAndTimeBasedRollingPolicy instead.
10:22:35,810 |-WARN in ch.qos.logback.core.rolling.SizeAndTimeBasedFNATP@64beebb7 - For more information see https://logback.qos.ch/manual/appenders.html#SizeAndTimeBasedRollingPolicy
10:22:35,810 |-INFO in ch.qos.logback.core.rolling.RollingFileAppender[LOGIN] - Active log file name: C:/smspring/logs//login.log
10:22:35,810 |-INFO in ch.qos.logback.core.rolling.RollingFileAppender[LOGIN] - Setting currentFileLength to 37 for C:\smspring\logs\login.log
10:22:35,810 |-INFO in ch.qos.logback.core.rolling.RollingFileAppender[LOGIN] - File property is set to [C:/smspring/logs//login.log]
10:22:35,810 |-INFO in ch.qos.logback.core.model.processor.AppenderModelHandler - Processing appender named [CLICK]
10:22:35,810 |-INFO in ch.qos.logback.core.model.processor.AppenderModelHandler - About to instantiate appender of type [ch.qos.logback.core.rolling.RollingFileAppender]
10:22:35,810 |-INFO in ch.qos.logback.core.model.processor.ModelInterpretationContext@7651218e - value "C:/smspring/logs//click.log" substituted for "${LOGS_DIR}/click.log"
10:22:35,810 |-INFO in ch.qos.logback.core.model.processor.ImplicitModelHandler - Assuming default type [ch.qos.logback.classic.encoder.PatternLayoutEncoder] for [encoder] property
10:22:35,810 |-INFO in ch.qos.logback.core.model.processor.ModelInterpretationContext@7651218e - value "C:/smspring/logs//click.%d{yyyy-MM-dd}.%i.log.gz" substituted for "${LOGS_DIR}/click.%d{yyyy-MM-dd}.%i.log.gz"
10:22:35,810 |-INFO in c.q.l.core.rolling.TimeBasedRollingPolicy@2014563089 - Will use gz compression
10:22:35,810 |-INFO in c.q.l.core.rolling.TimeBasedRollingPolicy@2014563089 - Will use the pattern C:/smspring/logs//click.%d{yyyy-MM-dd}.%i.log for the active file
10:22:35,810 |-WARN in ch.qos.logback.core.rolling.SizeAndTimeBasedFNATP@bcec031 - SizeAndTimeBasedFNATP class was renamed as SizeAndTimeBasedFileNamingAndTriggeringPolicy.
10:22:35,810 |-INFO in ch.qos.logback.core.rolling.SizeAndTimeBasedFNATP@bcec031 - The date pattern is 'yyyy-MM-dd' from file name pattern 'C:/smspring/logs//click.%d{yyyy-MM-dd}.%i.log.gz'.
10:22:35,810 |-INFO in ch.qos.logback.core.rolling.SizeAndTimeBasedFNATP@bcec031 - Roll-over at midnight.
10:22:35,816 |-INFO in ch.qos.logback.core.rolling.SizeAndTimeBasedFNATP@bcec031 - Setting initial period to 2025-09-16T01:07:53.249Z
10:22:35,816 |-WARN in ch.qos.logback.core.rolling.SizeAndTimeBasedFNATP@bcec031 - Direct use of either SizeAndTimeBasedFNATP or SizeAndTimeBasedFileNamingAndTriggeringPolicy 
10:22:35,816 |-WARN in ch.qos.logback.core.rolling.SizeAndTimeBasedFNATP@bcec031 - is deprecated. Please use SizeAndTimeBasedRollingPolicy instead.
10:22:35,816 |-WARN in ch.qos.logback.core.rolling.SizeAndTimeBasedFNATP@bcec031 - For more information see https://logback.qos.ch/manual/appenders.html#SizeAndTimeBasedRollingPolicy
10:22:35,816 |-INFO in ch.qos.logback.core.rolling.RollingFileAppender[CLICK] - Active log file name: C:/smspring/logs//click.log
10:22:35,816 |-INFO in ch.qos.logback.core.rolling.RollingFileAppender[CLICK] - Setting currentFileLength to 420 for C:\smspring\logs\click.log
10:22:35,816 |-INFO in ch.qos.logback.core.rolling.RollingFileAppender[CLICK] - File property is set to [C:/smspring/logs//click.log]
10:22:35,816 |-INFO in ch.qos.logback.classic.model.processor.LoggerModelHandler - Setting level of logger [org.springframework.web] to DEBUG
10:22:35,816 |-INFO in ch.qos.logback.core.model.processor.AppenderRefModelHandler - Attaching appender named [STDOUT] to Logger[org.springframework.web]
10:22:35,816 |-INFO in ch.qos.logback.core.model.processor.AppenderRefModelHandler - Attaching appender named [FILE] to Logger[org.springframework.web]
10:22:35,816 |-INFO in ch.qos.logback.classic.model.processor.LoggerModelHandler - Setting level of logger [edu.sm.controller.MainController] to INFO
10:22:35,816 |-INFO in ch.qos.logback.core.model.processor.AppenderRefModelHandler - Attaching appender named [FILE2] to Logger[edu.sm.controller.MainController]
10:22:35,816 |-INFO in ch.qos.logback.classic.model.processor.LoggerModelHandler - Setting level of logger [edu.sm.controller.LoginController] to INFO
10:22:35,816 |-INFO in ch.qos.logback.core.model.processor.AppenderRefModelHandler - Attaching appender named [LOGIN] to Logger[edu.sm.controller.LoginController]
10:22:35,816 |-INFO in ch.qos.logback.classic.model.processor.LoggerModelHandler - Setting level of logger [edu.sm.controller.ProductController] to INFO
10:22:35,816 |-INFO in ch.qos.logback.core.model.processor.AppenderRefModelHandler - Attaching appender named [CLICK] to Logger[edu.sm.controller.ProductController]
10:22:35,816 |-INFO in ch.qos.logback.classic.model.processor.RootLoggerModelHandler - Setting level of ROOT logger to INFO
10:22:35,816 |-INFO in ch.qos.logback.core.model.processor.AppenderRefModelHandler - Attaching appender named [STDOUT] to Logger[ROOT]
10:22:35,816 |-INFO in ch.qos.logback.classic.model.processor.LoggerModelHandler - Setting level of logger [jdbc] to OFF
10:22:35,816 |-INFO in ch.qos.logback.classic.model.processor.LoggerModelHandler - Setting level of logger [jdbc.sqlonly] to INFO
10:22:35,816 |-INFO in ch.qos.logback.classic.model.processor.LoggerModelHandler - Setting level of logger [jdbc.sqltiming] to OFF
10:22:35,816 |-INFO in ch.qos.logback.classic.model.processor.LoggerModelHandler - Setting level of logger [jdbc.audit] to OFF
10:22:35,816 |-INFO in ch.qos.logback.classic.model.processor.LoggerModelHandler - Setting level of logger [jdbc.resultset] to OFF
10:22:35,816 |-INFO in ch.qos.logback.classic.model.processor.LoggerModelHandler - Setting level of logger [jdbc.resultsettable] to INFO
10:22:35,816 |-INFO in ch.qos.logback.classic.model.processor.LoggerModelHandler - Setting level of logger [jdbc.connection] to OFF
10:22:35,816 |-INFO in ch.qos.logback.core.model.processor.DefaultProcessor@21005f6c - End of configuration.
10:22:35,816 |-INFO in ch.qos.logback.classic.joran.JoranConfigurator@32f0fba8 - Registering current configuration as safe fallback point
10:22:35,816 |-INFO in ch.qos.logback.classic.util.ContextInitializer@45be7cd5 - ch.qos.logback.classic.util.DefaultJoranConfigurator.configure() call lasted 202 milliseconds. ExecutionStatus=DO_NOT_INVOKE_NEXT_IF_ANY

[09-16 10:22:35] INFO  o.s.t.c.s.AnnotationConfigContextLoaderUtils - Could not detect default configuration classes for test class [edu.sm.CSVApplicationTests]: CSVApplicationTests does not declare any static, non-private, non-final, nested classes annotated with @Configuration.
[09-16 10:22:36] INFO  o.s.b.t.c.SpringBootTestContextBootstrapper - Found @SpringBootConfiguration edu.sm.ShopApplication for test class edu.sm.CSVApplicationTests
10:22:36,294 |-INFO in ch.qos.logback.core.model.processor.ModelInterpretationContext@523d6bdb - value "C:/smspring/logs/" substituted for "${logdir}"
10:22:36,294 |-INFO in ch.qos.logback.core.model.processor.AppenderModelHandler - Processing appender named [STDOUT]
10:22:36,294 |-INFO in ch.qos.logback.core.model.processor.AppenderModelHandler - About to instantiate appender of type [ch.qos.logback.core.ConsoleAppender]
10:22:36,294 |-WARN in ch.qos.logback.core.ConsoleAppender[STDOUT] - This appender no longer admits a layout as a sub-component, set an encoder instead.
10:22:36,294 |-WARN in ch.qos.logback.core.ConsoleAppender[STDOUT] - To ensure compatibility, wrapping your layout in LayoutWrappingEncoder.
10:22:36,294 |-WARN in ch.qos.logback.core.ConsoleAppender[STDOUT] - See also https://logback.qos.ch/codes.html#layoutInsteadOfEncoder for details
10:22:36,294 |-INFO in ch.qos.logback.core.ConsoleAppender[STDOUT] - BEWARE: Writing to the console can be very slow. Avoid logging to the 
10:22:36,294 |-INFO in ch.qos.logback.core.ConsoleAppender[STDOUT] - console in production environments, especially in high volume systems.
10:22:36,294 |-INFO in ch.qos.logback.core.ConsoleAppender[STDOUT] - See also https://logback.qos.ch/codes.html#slowConsole
10:22:36,294 |-INFO in ch.qos.logback.core.model.processor.AppenderModelHandler - Processing appender named [FILE]
10:22:36,294 |-INFO in ch.qos.logback.core.model.processor.AppenderModelHandler - About to instantiate appender of type [ch.qos.logback.core.rolling.RollingFileAppender]
10:22:36,294 |-INFO in ch.qos.logback.core.model.processor.ModelInterpretationContext@523d6bdb - value "C:/smspring/logs//logback.log" substituted for "${LOGS_DIR}/logback.log"
10:22:36,294 |-INFO in ch.qos.logback.core.model.processor.ImplicitModelHandler - Assuming default type [ch.qos.logback.classic.encoder.PatternLayoutEncoder] for [encoder] property
10:22:36,302 |-INFO in ch.qos.logback.core.model.processor.ModelInterpretationContext@523d6bdb - value "C:/smspring/logs//logback.%d{yyyy-MM-dd}.%i.log.gz" substituted for "${LOGS_DIR}/logback.%d{yyyy-MM-dd}.%i.log.gz"
10:22:36,302 |-INFO in c.q.l.core.rolling.TimeBasedRollingPolicy@1481206935 - Will use gz compression
10:22:36,302 |-INFO in c.q.l.core.rolling.TimeBasedRollingPolicy@1481206935 - Will use the pattern C:/smspring/logs//logback.%d{yyyy-MM-dd}.%i.log for the active file
10:22:36,302 |-WARN in ch.qos.logback.core.rolling.SizeAndTimeBasedFNATP@ad3324b - SizeAndTimeBasedFNATP class was renamed as SizeAndTimeBasedFileNamingAndTriggeringPolicy.
10:22:36,302 |-INFO in ch.qos.logback.core.rolling.SizeAndTimeBasedFNATP@ad3324b - The date pattern is 'yyyy-MM-dd' from file name pattern 'C:/smspring/logs//logback.%d{yyyy-MM-dd}.%i.log.gz'.
10:22:36,302 |-INFO in ch.qos.logback.core.rolling.SizeAndTimeBasedFNATP@ad3324b - Roll-over at midnight.
10:22:36,302 |-INFO in ch.qos.logback.core.rolling.SizeAndTimeBasedFNATP@ad3324b - Setting initial period to 2025-09-16T01:12:46.066Z
10:22:36,302 |-WARN in ch.qos.logback.core.rolling.SizeAndTimeBasedFNATP@ad3324b - Direct use of either SizeAndTimeBasedFNATP or SizeAndTimeBasedFileNamingAndTriggeringPolicy 
10:22:36,302 |-WARN in ch.qos.logback.core.rolling.SizeAndTimeBasedFNATP@ad3324b - is deprecated. Please use SizeAndTimeBasedRollingPolicy instead.
10:22:36,302 |-WARN in ch.qos.logback.core.rolling.SizeAndTimeBasedFNATP@ad3324b - For more information see https://logback.qos.ch/manual/appenders.html#SizeAndTimeBasedRollingPolicy
10:22:36,302 |-INFO in ch.qos.logback.core.rolling.RollingFileAppender[FILE] - Active log file name: C:/smspring/logs//logback.log
10:22:36,302 |-INFO in ch.qos.logback.core.rolling.RollingFileAppender[FILE] - Setting currentFileLength to 56235 for C:\smspring\logs\logback.log
10:22:36,302 |-INFO in ch.qos.logback.core.rolling.RollingFileAppender[FILE] - File property is set to [C:/smspring/logs//logback.log]
10:22:36,302 |-INFO in ch.qos.logback.core.model.processor.AppenderModelHandler - Processing appender named [FILE2]
10:22:36,302 |-INFO in ch.qos.logback.core.model.processor.AppenderModelHandler - About to instantiate appender of type [ch.qos.logback.core.rolling.RollingFileAppender]
10:22:36,302 |-INFO in ch.qos.logback.core.model.processor.ModelInterpretationContext@523d6bdb - value "C:/smspring/logs//custinfo.log" substituted for "${LOGS_DIR}/custinfo.log"
10:22:36,302 |-INFO in ch.qos.logback.core.model.processor.ImplicitModelHandler - Assuming default type [ch.qos.logback.classic.encoder.PatternLayoutEncoder] for [encoder] property
10:22:36,302 |-INFO in ch.qos.logback.core.model.processor.ModelInterpretationContext@523d6bdb - value "C:/smspring/logs//custinfo.%d{yyyy-MM-dd}.%i.log.gz" substituted for "${LOGS_DIR}/custinfo.%d{yyyy-MM-dd}.%i.log.gz"
10:22:36,302 |-INFO in c.q.l.core.rolling.TimeBasedRollingPolicy@947043383 - Will use gz compression
10:22:36,305 |-INFO in c.q.l.core.rolling.TimeBasedRollingPolicy@947043383 - Will use the pattern C:/smspring/logs//custinfo.%d{yyyy-MM-dd}.%i.log for the active file
10:22:36,305 |-WARN in ch.qos.logback.core.rolling.SizeAndTimeBasedFNATP@1a87b51 - SizeAndTimeBasedFNATP class was renamed as SizeAndTimeBasedFileNamingAndTriggeringPolicy.
10:22:36,305 |-INFO in ch.qos.logback.core.rolling.SizeAndTimeBasedFNATP@1a87b51 - The date pattern is 'yyyy-MM-dd' from file name pattern 'C:/smspring/logs//custinfo.%d{yyyy-MM-dd}.%i.log.gz'.
10:22:36,305 |-INFO in ch.qos.logback.core.rolling.SizeAndTimeBasedFNATP@1a87b51 - Roll-over at midnight.
10:22:36,305 |-INFO in ch.qos.logback.core.rolling.SizeAndTimeBasedFNATP@1a87b51 - Setting initial period to 2025-09-16T01:06:51.552Z
10:22:36,305 |-WARN in ch.qos.logback.core.rolling.SizeAndTimeBasedFNATP@1a87b51 - Direct use of either SizeAndTimeBasedFNATP or SizeAndTimeBasedFileNamingAndTriggeringPolicy 
10:22:36,305 |-WARN in ch.qos.logback.core.rolling.SizeAndTimeBasedFNATP@1a87b51 - is deprecated. Please use SizeAndTimeBasedRollingPolicy instead.
10:22:36,305 |-WARN in ch.qos.logback.core.rolling.SizeAndTimeBasedFNATP@1a87b51 - For more information see https://logback.qos.ch/manual/appenders.html#SizeAndTimeBasedRollingPolicy
10:22:36,305 |-INFO in ch.qos.logback.core.rolling.RollingFileAppender[FILE2] - Active log file name: C:/smspring/logs//custinfo.log
10:22:36,305 |-INFO in ch.qos.logback.core.rolling.RollingFileAppender[FILE2] - Setting currentFileLength to 29 for C:\smspring\logs\custinfo.log
10:22:36,305 |-INFO in ch.qos.logback.core.rolling.RollingFileAppender[FILE2] - File property is set to [C:/smspring/logs//custinfo.log]
10:22:36,305 |-INFO in ch.qos.logback.core.model.processor.AppenderModelHandler - Processing appender named [LOGIN]
10:22:36,305 |-INFO in ch.qos.logback.core.model.processor.AppenderModelHandler - About to instantiate appender of type [ch.qos.logback.core.rolling.RollingFileAppender]
10:22:36,307 |-INFO in ch.qos.logback.core.model.processor.ModelInterpretationContext@523d6bdb - value "C:/smspring/logs//login.log" substituted for "${LOGS_DIR}/login.log"
10:22:36,307 |-INFO in ch.qos.logback.core.model.processor.ImplicitModelHandler - Assuming default type [ch.qos.logback.classic.encoder.PatternLayoutEncoder] for [encoder] property
10:22:36,307 |-INFO in ch.qos.logback.core.model.processor.ModelInterpretationContext@523d6bdb - value "C:/smspring/logs//login.%d{yyyy-MM-dd}.%i.log.gz" substituted for "${LOGS_DIR}/login.%d{yyyy-MM-dd}.%i.log.gz"
10:22:36,307 |-INFO in c.q.l.core.rolling.TimeBasedRollingPolicy@311853607 - Will use gz compression
10:22:36,307 |-INFO in c.q.l.core.rolling.TimeBasedRollingPolicy@311853607 - Will use the pattern C:/smspring/logs//login.%d{yyyy-MM-dd}.%i.log for the active file
10:22:36,307 |-WARN in ch.qos.logback.core.rolling.SizeAndTimeBasedFNATP@144ab54 - SizeAndTimeBasedFNATP class was renamed as SizeAndTimeBasedFileNamingAndTriggeringPolicy.
10:22:36,307 |-INFO in ch.qos.logback.core.rolling.SizeAndTimeBasedFNATP@144ab54 - The date pattern is 'yyyy-MM-dd' from file name pattern 'C:/smspring/logs//login.%d{yyyy-MM-dd}.%i.log.gz'.
10:22:36,307 |-INFO in ch.qos.logback.core.rolling.SizeAndTimeBasedFNATP@144ab54 - Roll-over at midnight.
10:22:36,307 |-INFO in ch.qos.logback.core.rolling.SizeAndTimeBasedFNATP@144ab54 - Setting initial period to 2025-09-10T05:47:18.905Z
10:22:36,307 |-WARN in ch.qos.logback.core.rolling.SizeAndTimeBasedFNATP@144ab54 - Direct use of either SizeAndTimeBasedFNATP or SizeAndTimeBasedFileNamingAndTriggeringPolicy 
10:22:36,307 |-WARN in ch.qos.logback.core.rolling.SizeAndTimeBasedFNATP@144ab54 - is deprecated. Please use SizeAndTimeBasedRollingPolicy instead.
10:22:36,307 |-WARN in ch.qos.logback.core.rolling.SizeAndTimeBasedFNATP@144ab54 - For more information see https://logback.qos.ch/manual/appenders.html#SizeAndTimeBasedRollingPolicy
10:22:36,307 |-INFO in ch.qos.logback.core.rolling.RollingFileAppender[LOGIN] - Active log file name: C:/smspring/logs//login.log
10:22:36,307 |-INFO in ch.qos.logback.core.rolling.RollingFileAppender[LOGIN] - Setting currentFileLength to 37 for C:\smspring\logs\login.log
10:22:36,307 |-INFO in ch.qos.logback.core.rolling.RollingFileAppender[LOGIN] - File property is set to [C:/smspring/logs//login.log]
10:22:36,307 |-INFO in ch.qos.logback.core.model.processor.AppenderModelHandler - Processing appender named [CLICK]
10:22:36,307 |-INFO in ch.qos.logback.core.model.processor.AppenderModelHandler - About to instantiate appender of type [ch.qos.logback.core.rolling.RollingFileAppender]
10:22:36,307 |-INFO in ch.qos.logback.core.model.processor.ModelInterpretationContext@523d6bdb - value "C:/smspring/logs//click.log" substituted for "${LOGS_DIR}/click.log"
10:22:36,307 |-INFO in ch.qos.logback.core.model.processor.ImplicitModelHandler - Assuming default type [ch.qos.logback.classic.encoder.PatternLayoutEncoder] for [encoder] property
10:22:36,307 |-INFO in ch.qos.logback.core.model.processor.ModelInterpretationContext@523d6bdb - value "C:/smspring/logs//click.%d{yyyy-MM-dd}.%i.log.gz" substituted for "${LOGS_DIR}/click.%d{yyyy-MM-dd}.%i.log.gz"
10:22:36,307 |-INFO in c.q.l.core.rolling.TimeBasedRollingPolicy@754592847 - Will use gz compression
10:22:36,307 |-INFO in c.q.l.core.rolling.TimeBasedRollingPolicy@754592847 - Will use the pattern C:/smspring/logs//click.%d{yyyy-MM-dd}.%i.log for the active file
10:22:36,307 |-WARN in ch.qos.logback.core.rolling.SizeAndTimeBasedFNATP@6ecab872 - SizeAndTimeBasedFNATP class was renamed as SizeAndTimeBasedFileNamingAndTriggeringPolicy.
10:22:36,307 |-INFO in ch.qos.logback.core.rolling.SizeAndTimeBasedFNATP@6ecab872 - The date pattern is 'yyyy-MM-dd' from file name pattern 'C:/smspring/logs//click.%d{yyyy-MM-dd}.%i.log.gz'.
10:22:36,307 |-INFO in ch.qos.logback.core.rolling.SizeAndTimeBasedFNATP@6ecab872 - Roll-over at midnight.
10:22:36,307 |-INFO in ch.qos.logback.core.rolling.SizeAndTimeBasedFNATP@6ecab872 - Setting initial period to 2025-09-16T01:07:53.249Z
10:22:36,307 |-WARN in ch.qos.logback.core.rolling.SizeAndTimeBasedFNATP@6ecab872 - Direct use of either SizeAndTimeBasedFNATP or SizeAndTimeBasedFileNamingAndTriggeringPolicy 
10:22:36,307 |-WARN in ch.qos.logback.core.rolling.SizeAndTimeBasedFNATP@6ecab872 - is deprecated. Please use SizeAndTimeBasedRollingPolicy instead.
10:22:36,307 |-WARN in ch.qos.logback.core.rolling.SizeAndTimeBasedFNATP@6ecab872 - For more information see https://logback.qos.ch/manual/appenders.html#SizeAndTimeBasedRollingPolicy
10:22:36,307 |-INFO in ch.qos.logback.core.rolling.RollingFileAppender[CLICK] - Active log file name: C:/smspring/logs//click.log
10:22:36,307 |-INFO in ch.qos.logback.core.rolling.RollingFileAppender[CLICK] - Setting currentFileLength to 420 for C:\smspring\logs\click.log
10:22:36,307 |-INFO in ch.qos.logback.core.rolling.RollingFileAppender[CLICK] - File property is set to [C:/smspring/logs//click.log]
10:22:36,307 |-INFO in ch.qos.logback.classic.model.processor.LoggerModelHandler - Setting level of logger [org.springframework.web] to DEBUG
10:22:36,307 |-INFO in ch.qos.logback.classic.jul.LevelChangePropagator@48eb9836 - Propagating DEBUG level on Logger[org.springframework.web] onto the JUL framework
10:22:36,307 |-INFO in ch.qos.logback.core.model.processor.AppenderRefModelHandler - Attaching appender named [STDOUT] to Logger[org.springframework.web]
10:22:36,307 |-INFO in ch.qos.logback.core.model.processor.AppenderRefModelHandler - Attaching appender named [FILE] to Logger[org.springframework.web]
10:22:36,307 |-INFO in ch.qos.logback.classic.model.processor.LoggerModelHandler - Setting level of logger [edu.sm.controller.MainController] to INFO
10:22:36,307 |-INFO in ch.qos.logback.classic.jul.LevelChangePropagator@48eb9836 - Propagating INFO level on Logger[edu.sm.controller.MainController] onto the JUL framework
10:22:36,307 |-INFO in ch.qos.logback.core.model.processor.AppenderRefModelHandler - Attaching appender named [FILE2] to Logger[edu.sm.controller.MainController]
10:22:36,307 |-INFO in ch.qos.logback.classic.model.processor.LoggerModelHandler - Setting level of logger [edu.sm.controller.LoginController] to INFO
10:22:36,307 |-INFO in ch.qos.logback.classic.jul.LevelChangePropagator@48eb9836 - Propagating INFO level on Logger[edu.sm.controller.LoginController] onto the JUL framework
10:22:36,307 |-INFO in ch.qos.logback.core.model.processor.AppenderRefModelHandler - Attaching appender named [LOGIN] to Logger[edu.sm.controller.LoginController]
10:22:36,307 |-INFO in ch.qos.logback.classic.model.processor.LoggerModelHandler - Setting level of logger [edu.sm.controller.ProductController] to INFO
10:22:36,307 |-INFO in ch.qos.logback.classic.jul.LevelChangePropagator@48eb9836 - Propagating INFO level on Logger[edu.sm.controller.ProductController] onto the JUL framework
10:22:36,307 |-INFO in ch.qos.logback.core.model.processor.AppenderRefModelHandler - Attaching appender named [CLICK] to Logger[edu.sm.controller.ProductController]
10:22:36,307 |-INFO in ch.qos.logback.classic.model.processor.RootLoggerModelHandler - Setting level of ROOT logger to INFO
10:22:36,307 |-INFO in ch.qos.logback.classic.jul.LevelChangePropagator@48eb9836 - Propagating INFO level on Logger[ROOT] onto the JUL framework
10:22:36,307 |-INFO in ch.qos.logback.core.model.processor.AppenderRefModelHandler - Attaching appender named [STDOUT] to Logger[ROOT]
10:22:36,307 |-INFO in ch.qos.logback.classic.model.processor.LoggerModelHandler - Setting level of logger [jdbc] to OFF
10:22:36,307 |-INFO in ch.qos.logback.classic.jul.LevelChangePropagator@48eb9836 - Propagating OFF level on Logger[jdbc] onto the JUL framework
10:22:36,307 |-INFO in ch.qos.logback.classic.model.processor.LoggerModelHandler - Setting level of logger [jdbc.sqlonly] to INFO
10:22:36,307 |-INFO in ch.qos.logback.classic.jul.LevelChangePropagator@48eb9836 - Propagating INFO level on Logger[jdbc.sqlonly] onto the JUL framework
10:22:36,307 |-INFO in ch.qos.logback.classic.model.processor.LoggerModelHandler - Setting level of logger [jdbc.sqltiming] to OFF
10:22:36,307 |-INFO in ch.qos.logback.classic.jul.LevelChangePropagator@48eb9836 - Propagating OFF level on Logger[jdbc.sqltiming] onto the JUL framework
10:22:36,307 |-INFO in ch.qos.logback.classic.model.processor.LoggerModelHandler - Setting level of logger [jdbc.audit] to OFF
10:22:36,307 |-INFO in ch.qos.logback.classic.jul.LevelChangePropagator@48eb9836 - Propagating OFF level on Logger[jdbc.audit] onto the JUL framework
10:22:36,307 |-INFO in ch.qos.logback.classic.model.processor.LoggerModelHandler - Setting level of logger [jdbc.resultset] to OFF
10:22:36,307 |-INFO in ch.qos.logback.classic.jul.LevelChangePropagator@48eb9836 - Propagating OFF level on Logger[jdbc.resultset] onto the JUL framework
10:22:36,307 |-INFO in ch.qos.logback.classic.model.processor.LoggerModelHandler - Setting level of logger [jdbc.resultsettable] to INFO
10:22:36,307 |-INFO in ch.qos.logback.classic.jul.LevelChangePropagator@48eb9836 - Propagating INFO level on Logger[jdbc.resultsettable] onto the JUL framework
10:22:36,307 |-INFO in ch.qos.logback.classic.model.processor.LoggerModelHandler - Setting level of logger [jdbc.connection] to OFF
10:22:36,307 |-INFO in ch.qos.logback.classic.jul.LevelChangePropagator@48eb9836 - Propagating OFF level on Logger[jdbc.connection] onto the JUL framework
10:22:36,307 |-INFO in ch.qos.logback.core.model.processor.DefaultProcessor@6c518474 - End of configuration.
10:22:36,307 |-INFO in org.springframework.boot.logging.logback.SpringBootJoranConfigurator@11b455e5 - Registering current configuration as safe fallback point


  .   ____          _            __ _ _
 /\\ / ___'_ __ _ _(_)_ __  __ _ \ \ \ \
( ( )\___ | '_ | '_| | '_ \/ _` | \ \ \ \
 \\/  ___)| |_)| | | | | || (_| |  ) ) ) )
  '  |____| .__|_| |_|_| |_\__, | / / / /
 =========|_|==============|___/=/_/_/_/

 :: Spring Boot ::      (v3.4.10-SNAPSHOT)

[09-16 10:22:36] INFO  edu.sm.CSVApplicationTests - Starting CSVApplicationTests using Java 17.0.15 with PID 26248 (started by gudru in C:\smspring\shop)
[09-16 10:22:36] INFO  edu.sm.CSVApplicationTests - The following 1 profile is active: "dev"
[09-16 10:22:36] DEBUG o.s.w.c.s.GenericWebApplicationContext - Refreshing org.springframework.web.context.support.GenericWebApplicationContext@102efc59
[09-16 10:22:36] DEBUG o.s.w.c.s.GenericWebApplicationContext - Refreshing org.springframework.web.context.support.GenericWebApplicationContext@102efc59
[09-16 10:22:37] INFO  c.u.j.c.EnableEncryptablePropertiesBeanFactoryPostProcessor - Post-processing PropertySource instances
[09-16 10:22:37] INFO  c.u.j.EncryptablePropertySourceConverter - Converting PropertySource configurationProperties [org.springframework.boot.context.properties.source.ConfigurationPropertySourcesPropertySource] to AOP Proxy
[09-16 10:22:37] INFO  c.u.j.EncryptablePropertySourceConverter - Converting PropertySource test [org.springframework.core.env.MapPropertySource] to EncryptableMapPropertySourceWrapper
[09-16 10:22:37] INFO  c.u.j.EncryptablePropertySourceConverter - Converting PropertySource Inlined Test Properties [org.springframework.core.env.MapPropertySource] to EncryptableMapPropertySourceWrapper
[09-16 10:22:37] INFO  c.u.j.EncryptablePropertySourceConverter - Converting PropertySource servletConfigInitParams [org.springframework.core.env.PropertySource$StubPropertySource] to EncryptablePropertySourceWrapper
[09-16 10:22:37] INFO  c.u.j.EncryptablePropertySourceConverter - Converting PropertySource servletContextInitParams [org.springframework.web.context.support.ServletContextPropertySource] to EncryptableEnumerablePropertySourceWrapper
[09-16 10:22:37] INFO  c.u.j.EncryptablePropertySourceConverter - Converting PropertySource systemProperties [org.springframework.core.env.PropertiesPropertySource] to EncryptableMapPropertySourceWrapper
[09-16 10:22:37] INFO  c.u.j.EncryptablePropertySourceConverter - Converting PropertySource systemEnvironment [org.springframework.boot.env.SystemEnvironmentPropertySourceEnvironmentPostProcessor$OriginAwareSystemEnvironmentPropertySource] to EncryptableSystemEnvironmentPropertySourceWrapper
[09-16 10:22:37] INFO  c.u.j.EncryptablePropertySourceConverter - Converting PropertySource random [org.springframework.boot.env.RandomValuePropertySource] to EncryptablePropertySourceWrapper
[09-16 10:22:37] INFO  c.u.j.EncryptablePropertySourceConverter - Converting PropertySource Config resource 'file [.env]' via location 'optional:file:.env[.properties]' [org.springframework.boot.env.OriginTrackedMapPropertySource] to EncryptableMapPropertySourceWrapper
[09-16 10:22:37] INFO  c.u.j.EncryptablePropertySourceConverter - Converting PropertySource Config resource 'class path resource [application-dev.yml]' via location 'optional:classpath:/' [org.springframework.boot.env.OriginTrackedMapPropertySource] to EncryptableMapPropertySourceWrapper
[09-16 10:22:37] INFO  c.u.j.EncryptablePropertySourceConverter - Converting PropertySource Config resource 'class path resource [application.yml]' via location 'optional:classpath:/' [org.springframework.boot.env.OriginTrackedMapPropertySource] to EncryptableMapPropertySourceWrapper
[09-16 10:22:37] INFO  c.u.j.EncryptablePropertySourceConverter - Converting PropertySource applicationInfo [org.springframework.boot.ApplicationInfoPropertySource] to EncryptableMapPropertySourceWrapper
[09-16 10:22:37] INFO  c.u.j.f.DefaultLazyPropertyFilter - Property Filter custom Bean not found with name 'encryptablePropertyFilter'. Initializing Default Property Filter
[09-16 10:22:37] INFO  c.u.j.r.DefaultLazyPropertyResolver - Property Resolver custom Bean not found with name 'encryptablePropertyResolver'. Initializing Default Property Resolver
[09-16 10:22:37] INFO  c.u.j.d.DefaultLazyPropertyDetector - Property Detector custom Bean not found with name 'encryptablePropertyDetector'. Initializing Default Property Detector
[09-16 10:22:37] INFO  c.u.j.encryptor.DefaultLazyEncryptor - Found Custom Encryptor Bean org.jasypt.encryption.pbe.PooledPBEStringEncryptor@7be94cd6 with name: jasyptStringEncryptor
[09-16 10:22:38] WARN  o.s.b.a.s.s.UserDetailsServiceAutoConfiguration - 

Using generated security password: e3ab5f91-cdd1-4fa7-827e-ff7f394506ec

This generated password is for development use only. Your security configuration must be updated before running your application in production.

[09-16 10:22:38] INFO  o.s.s.c.a.a.c.InitializeUserDetailsBeanManagerConfigurer$InitializeUserDetailsManagerConfigurer - Global AuthenticationManager configured with UserDetailsService bean with name inMemoryUserDetailsManager
[09-16 10:22:38] INFO  o.s.b.a.w.s.WelcomePageHandlerMapping - Adding welcome page template: index
[09-16 10:22:38] DEBUG o.s.w.s.m.m.a.RequestMappingHandlerMapping - 58 mappings in 'requestMappingHandlerMapping'
[09-16 10:22:38] DEBUG o.s.w.s.m.m.a.RequestMappingHandlerMapping - 58 mappings in 'requestMappingHandlerMapping'
[09-16 10:22:38] DEBUG o.s.w.s.h.SimpleUrlHandlerMapping - Patterns [/webjars/**, /**, /imgs/**, /logs/**] in 'resourceHandlerMapping'
[09-16 10:22:38] DEBUG o.s.w.s.h.SimpleUrlHandlerMapping - Patterns [/webjars/**, /**, /imgs/**, /logs/**] in 'resourceHandlerMapping'
[09-16 10:22:39] DEBUG o.s.w.s.m.m.a.RequestMappingHandlerAdapter - ControllerAdvice beans: 0 @ModelAttribute, 0 @InitBinder, 1 RequestBodyAdvice, 1 ResponseBodyAdvice
[09-16 10:22:39] DEBUG o.s.w.s.m.m.a.RequestMappingHandlerAdapter - ControllerAdvice beans: 0 @ModelAttribute, 0 @InitBinder, 1 RequestBodyAdvice, 1 ResponseBodyAdvice
[09-16 10:22:39] DEBUG o.s.w.s.m.m.a.ExceptionHandlerExceptionResolver - ControllerAdvice beans: 0 @ExceptionHandler, 1 ResponseBodyAdvice
[09-16 10:22:39] DEBUG o.s.w.s.m.m.a.ExceptionHandlerExceptionResolver - ControllerAdvice beans: 0 @ExceptionHandler, 1 ResponseBodyAdvice
[09-16 10:22:39] INFO  edu.sm.CSVApplicationTests - Started CSVApplicationTests in 3.163 seconds (process running for 4.458)
[09-16 10:22:40] INFO  edu.sm.CSVApplicationTests - 하의1
하의2
하의3
하의4
상의1
상의2
상의3
상의4
신발1
신발2
신발3
신발4

]]></system-out>
  <system-err><![CDATA[Loading class `com.mysql.jdbc.Driver'. This is deprecated. The new driver class is `com.mysql.cj.jdbc.Driver'. The driver is automatically registered via the SPI and manual loading of the driver class is generally unnecessary.
]]></system-err>
</testsuite>
